#
# There is insufficient memory for the Java Runtime Environment to continue.
# Native memory allocation (mmap) failed to map 132120576 bytes for Failed to commit area from 0x0000000083a00000 to 0x000000008b800000 of length 132120576.
# Possible reasons:
#   The system is out of physical RAM or swap space
#   The process is running with CompressedOops enabled, and the Java Heap may be blocking the growth of the native heap
# Possible solutions:
#   Reduce memory load on the system
#   Increase physical memory or swap space
#   Check if swap backing store is full
#   Decrease Java heap size (-Xmx/-Xms)
#   Decrease number of Java threads
#   Decrease Java thread stack sizes (-Xss)
#   Set larger code cache with -XX:ReservedCodeCacheSize=
# This output file may be truncated or incomplete.
#
#  Out of Memory Error (./src/hotspot/os/windows/os_windows.cpp:3521), pid=16320, tid=17920
#
# JRE version:  (11.0.12+7) (build )
# Java VM: OpenJDK 64-Bit Server VM (11.0.12+7-b1504.28-7817840, mixed mode, sharing, tiered, compressed oops, g1 gc, windows-amd64)
# No core dump will be written. Minidumps are not enabled by default on client versions of Windows
#

---------------  S U M M A R Y ------------

Command Line: org.jetbrains.kotlin.cli.jvm.K2JVMCompiler @E:\Flutter\ANDprojects\Karmorhanstore\app\build\20220716_6283956813673066696.compiler.options

Host: Intel(R) Core(TM) i7-1065G7 CPU @ 1.30GHz, 8 cores, 7G,  Windows 10 , 64 bit Build 19041 (10.0.19041.1741)
Time: Sat Jul 16 17:36:35 2022 Egypt Standard Time elapsed time: 0.016608 seconds (0d 0h 0m 0s)

---------------  T H R E A D  ---------------

Current thread (0x000001eb76bdb000):  JavaThread "Unknown thread" [_thread_in_vm, id=17920, stack(0x0000006238200000,0x0000006238300000)]

Stack: [0x0000006238200000,0x0000006238300000]
Native frames: (J=compiled Java code, j=interpreted, Vv=VM code, C=native code)
V  [jvm.dll+0x5fbcea]
V  [jvm.dll+0x731905]
V  [jvm.dll+0x732f1d]
V  [jvm.dll+0x7335d3]
V  [jvm.dll+0x247bf8]
V  [jvm.dll+0x5f90b4]
V  [jvm.dll+0x5edc85]
V  [jvm.dll+0x305aeb]
V  [jvm.dll+0x305a5a]
V  [jvm.dll+0x305932]
V  [jvm.dll+0x30a896]
V  [jvm.dll+0x353803]
V  [jvm.dll+0x353f06]
V  [jvm.dll+0x353903]
V  [jvm.dll+0x2e0678]
V  [jvm.dll+0x2e1827]
V  [jvm.dll+0x710037]
V  [jvm.dll+0x71182c]
V  [jvm.dll+0x360da9]
V  [jvm.dll+0x6f390e]
V  [jvm.dll+0x3c9723]
V  [jvm.dll+0x3cb9b1]
C  [jli.dll+0x536b]
C  [ucrtbase.dll+0x21bb2]
C  [KERNEL32.DLL+0x17034]
C  [ntdll.dll+0x52651]


---------------  P R O C E S S  ---------------

Threads class SMR info:
_java_thread_list=0x000001eb769b3e00, length=0, elements={
}

Java Threads: ( => current thread )

Other Threads:
  0x000001eb76bf2800 GCTaskThread "GC Thread#0" [stack: 0x0000006238300000,0x0000006238400000] [id=18852]
  0x000001eb76c22800 ConcurrentGCThread "G1 Main Marker" [stack: 0x0000006238400000,0x0000006238500000] [id=9732]
  0x000001eb76c25000 ConcurrentGCThread "G1 Conc#0" [stack: 0x0000006238500000,0x0000006238600000] [id=10484]

[error occurred during error reporting (printing all threads), id 0xc0000005, EXCEPTION_ACCESS_VIOLATION (0xc0000005) at pc=0x00007ffe380e0be7]

VM state:not at safepoint (not fully initialized)

VM Mutex/Monitor currently owned by a thread:  ([mutex/lock_event])
[0x000001eb76bd8100] Heap_lock - owner thread: 0x000001eb76bdb000

Heap address: 0x0000000083a00000, size: 1990 MB, Compressed Oops mode: Non-zero based: 0x0000000083a00000
Narrow klass base: 0x0000000000000000, Narrow klass shift: 0

GC Heap History (0 events):
No events

Deoptimization events (0 events):
No events

Classes redefined (0 events):
No events

Internal exceptions (0 events):
No events

Events (1 events):
Event: 0.008 Loaded shared library C:\Program Files\Android Studio\jre\bin\zip.dll


Dynamic libraries:
0x00007ff7b2e30000 - 0x00007ff7b2e3a000 	C:\Program Files\Android Studio\jre\bin\java.exe
0x00007ffed8190000 - 0x00007ffed8387000 	C:\Windows\SYSTEM32\ntdll.dll
0x00007ffed7b70000 - 0x00007ffed7c2d000 	C:\Windows\System32\KERNEL32.DLL
0x00007ffed5bc0000 - 0x00007ffed5e8d000 	C:\Windows\System32\KERNELBASE.dll
0x00007ffed60f0000 - 0x00007ffed61f0000 	C:\Windows\System32\ucrtbase.dll
0x00007ffea8a20000 - 0x00007ffea8a37000 	C:\Program Files\Android Studio\jre\bin\VCRUNTIME140.dll
0x00007ffebbc90000 - 0x00007ffebbca9000 	C:\Program Files\Android Studio\jre\bin\jli.dll
0x00007ffed7760000 - 0x00007ffed7900000 	C:\Windows\System32\USER32.dll
0x00007ffed60c0000 - 0x00007ffed60e2000 	C:\Windows\System32\win32u.dll
0x00007ffebe4b0000 - 0x00007ffebe74a000 	C:\Windows\WinSxS\amd64_microsoft.windows.common-controls_6595b64144ccf1df_6.0.19041.1110_none_60b5254171f9507e\COMCTL32.dll
0x00007ffed6290000 - 0x00007ffed62ba000 	C:\Windows\System32\GDI32.dll
0x00007ffed61f0000 - 0x00007ffed628e000 	C:\Windows\System32\msvcrt.dll
0x00007ffed58b0000 - 0x00007ffed59bb000 	C:\Windows\System32\gdi32full.dll
0x00007ffed5b20000 - 0x00007ffed5bbd000 	C:\Windows\System32\msvcp_win.dll
0x00007ffed66a0000 - 0x00007ffed66d0000 	C:\Windows\System32\IMM32.DLL
0x00007ffe878c0000 - 0x00007ffe8795d000 	C:\Program Files\Android Studio\jre\bin\msvcp140.dll
0x00007ffe37df0000 - 0x00007ffe388d5000 	C:\Program Files\Android Studio\jre\bin\server\jvm.dll
0x00007ffed7d20000 - 0x00007ffed7dce000 	C:\Windows\System32\ADVAPI32.dll
0x00007ffed7dd0000 - 0x00007ffed7e6c000 	C:\Windows\System32\sechost.dll
0x00007ffed8020000 - 0x00007ffed8145000 	C:\Windows\System32\RPCRT4.dll
0x00007ffed62c0000 - 0x00007ffed62c8000 	C:\Windows\System32\PSAPI.DLL
0x00007ffecd730000 - 0x00007ffecd739000 	C:\Windows\SYSTEM32\WSOCK32.dll
0x00007ffecca50000 - 0x00007ffecca5a000 	C:\Windows\SYSTEM32\VERSION.dll
0x00007ffec0340000 - 0x00007ffec0367000 	C:\Windows\SYSTEM32\WINMM.dll
0x00007ffed7070000 - 0x00007ffed70db000 	C:\Windows\System32\WS2_32.dll
0x00007ffed4140000 - 0x00007ffed4152000 	C:\Windows\SYSTEM32\kernel.appcore.dll
0x00007ffeb16a0000 - 0x00007ffeb16b1000 	C:\Program Files\Android Studio\jre\bin\verify.dll
0x00007ffed36b0000 - 0x00007ffed3894000 	C:\Windows\SYSTEM32\DBGHELP.DLL
0x00007ffebb970000 - 0x00007ffebb99c000 	C:\Windows\SYSTEM32\dbgcore.DLL
0x00007ffed5e90000 - 0x00007ffed5f12000 	C:\Windows\System32\bcryptPrimitives.dll
0x00007ffea9f10000 - 0x00007ffea9f39000 	C:\Program Files\Android Studio\jre\bin\java.dll
0x00007ffecd450000 - 0x00007ffecd45b000 	C:\Program Files\Android Studio\jre\bin\jimage.dll
0x00007ffeb1680000 - 0x00007ffeb1698000 	C:\Program Files\Android Studio\jre\bin\zip.dll

dbghelp: loaded successfully - version: 4.0.5 - missing functions: none
symbol engine: initialized successfully - sym options: 0x614 - pdb path: .;C:\Program Files\Android Studio\jre\bin;C:\Windows\SYSTEM32;C:\Windows\WinSxS\amd64_microsoft.windows.common-controls_6595b64144ccf1df_6.0.19041.1110_none_60b5254171f9507e;C:\Program Files\Android Studio\jre\bin\server

VM Arguments:
java_command: org.jetbrains.kotlin.cli.jvm.K2JVMCompiler @E:\Flutter\ANDprojects\Karmorhanstore\app\build\20220716_6283956813673066696.compiler.options
java_class_path (initial): C:\Users\CompuStore\.gradle\caches\modules-2\files-2.1\org.jetbrains.kotlin\kotlin-compiler-embeddable\1.7.10\909803167c98606fcf22b4c848647c68e351d48d\kotlin-compiler-embeddable-1.7.10.jar;C:\Users\CompuStore\.gradle\caches\modules-2\files-2.1\org.jetbrains.kotlin\kotlin-reflect\1.7.10\165e600dfea6185cf5efa700756294cc4904dbeb\kotlin-reflect-1.7.10.jar;C:\Users\CompuStore\.gradle\caches\modules-2\files-2.1\org.jetbrains.kotlin\kotlin-stdlib\1.7.10\d2abf9e77736acc4450dc4a3f707fa2c10f5099d\kotlin-stdlib-1.7.10.jar;C:\Users\CompuStore\.gradle\caches\modules-2\files-2.1\org.jetbrains.kotlin\kotlin-script-runtime\1.7.10\c99c87a6988d8fd8d5142e9ed5c9f34a7cf561ee\kotlin-script-runtime-1.7.10.jar;C:\Users\CompuStore\.gradle\caches\modules-2\files-2.1\org.jetbrains.kotlin\kotlin-daemon-embeddable\1.7.10\3a9f7aef7080d3ae63126cbba4f827ed664f32fa\kotlin-daemon-embeddable-1.7.10.jar;C:\Users\CompuStore\.gradle\caches\modules-2\files-2.1\org.jetbrains.intellij.deps\trove4j\1.0.20200330\3afb14d5f9ceb459d724e907a21145e8ff394f02\trove4j-1.0.20200330.jar;C:\Users\CompuStore\.gradle\caches\modules-2\files-2.1\net.java.dev.jna\jna\5.6.0\330f2244e9030119ab3030fc3fededc86713d9cc\jna-5.6.0.jar;C:\Users\CompuStore\.gradle\caches\modules-2\files-2.1\org.jetbrains.kotlin\kotlin-stdlib-common\1.7.10\bac80c520d0a9e3f3673bc2658c6ed02ef45a76a\kotlin-stdlib-common-1.7.10.jar;C:\Users\CompuStore\.gradle\caches\modules-2\files-2.1\org.jetbrains\annotations\13.0\919f0dfe192fb4e063e7dacadee7f8bb9a2672a9\annotations-13.0.jar
Launcher Type: SUN_STANDARD

[Global flags]
     intx CICompilerCount                          = 4                                         {product} {ergonomic}
     uint ConcGCThreads                            = 2                                         {product} {ergonomic}
     uint G1ConcRefinementThreads                  = 8                                         {product} {ergonomic}
   size_t G1HeapRegionSize                         = 1048576                                   {product} {ergonomic}
    uintx GCDrainStackTargetSize                   = 64                                        {product} {ergonomic}
   size_t InitialHeapSize                          = 132120576                                 {product} {ergonomic}
   size_t MarkStackSize                            = 4194304                                   {product} {ergonomic}
   size_t MaxHeapSize                              = 2086666240                                {product} {ergonomic}
   size_t MinHeapDeltaBytes                        = 1048576                                   {product} {ergonomic}
    uintx NonNMethodCodeHeapSize                   = 5836300                                {pd product} {ergonomic}
    uintx NonProfiledCodeHeapSize                  = 122910970                              {pd product} {ergonomic}
    uintx ProfiledCodeHeapSize                     = 122910970                              {pd product} {ergonomic}
    uintx ReservedCodeCacheSize                    = 251658240                              {pd product} {ergonomic}
     bool SegmentedCodeCache                       = true                                      {product} {ergonomic}
     bool UseCompressedClassPointers               = true                                 {lp64_product} {ergonomic}
     bool UseCompressedOops                        = true                                 {lp64_product} {ergonomic}
     bool UseG1GC                                  = true                                      {product} {ergonomic}
     bool UseLargePagesIndividualAllocation        = false                                  {pd product} {ergonomic}

Logging:
Log output configuration:
 #0: stdout all=warning uptime,level,tags
 #1: stderr all=off uptime,level,tags

Environment Variables:
PATH=C:\ProgramData\Oracle\Java\javapath;C:\Program Files (x86)\Common Files\Oracle\Java\javapath;C:\Windows\system32;C:\Windows;C:\Windows\System32\Wbem;C:\Windows\System32\WindowsPowerShell\v1.0\;C:\Windows\System32\OpenSSH\;C:\Program Files (x86)\NVIDIA Corporation\PhysX\Common;E:\Flutter\flutter\bin;C:\msys64\mingw64\bin;C:\Program Files (x86)\Java\jdk1.8.0_291\bin;C:\Program Files\Android Studio\jre\bin;E:\Git LFS;C:\Program Files\dotnet\;C:\Program Files (x86)\dotnet\;C:\Program Files\nodejs\;C:\Users\CompuStore\.deta\bin;E:\Flutter\flutter\.pub-cache\bin;C:\Program Files\Git\cmd;E:\python sdk\Scripts\;E:\python sdk\;C:\Users\CompuStore\AppData\Local\Microsoft\WindowsApps;E:\Flutter\flutter\bin;C:\Users\CompuStore\AppData\Local\Programs\Microsoft VS Code\bin;C:\Program Files\Git\bin;C:\msys64\mingw64\bin;C:\Program Files (x86)\Java\jdk1.8.0_291\bin;C:\Program Files\Android Studio\jre\bin;C:\Users\CompuStore\.dotnet\tools;C:\Users\CompuStore\AppData\Roaming\npm;C:\Users\CompuStore\.deta\bin;E:\Flutter\flutter\.pub-cache\bin;C:\Users\CompuStore\AppData\Local\Markdown Monster
USERNAME=CompuStore
OS=Windows_NT
PROCESSOR_IDENTIFIER=Intel64 Family 6 Model 126 Stepping 5, GenuineIntel



---------------  S Y S T E M  ---------------

OS: Windows 10 , 64 bit Build 19041 (10.0.19041.1741)
OS uptime: 0 days 11:46 hours

CPU:total 8 (initial active 8) (4 cores per cpu, 2 threads per core) family 6 model 126 stepping 5 microcode 0xb0, cmov, cx8, fxsr, mmx, sse, sse2, sse3, ssse3, sse4.1, sse4.2, popcnt, avx, avx2, aes, clmul, erms, 3dnowpref, lzcnt, ht, tsc, tscinvbit, bmi1, bmi2, adx, evex, sha, fma

Memory: 4k page, system-wide physical 7959M (422M free)
TotalPageFile size 18313M (AvailPageFile size 36M)
current process WorkingSet (physical memory assigned to process): 10M, peak: 10M
current process commit charge ("private bytes"): 59M, peak: 185M

vm_info: OpenJDK 64-Bit Server VM (11.0.12+7-b1504.28-7817840) for windows-amd64 JRE (11.0.12+7-b1504.28-7817840), built on Oct 13 2021 22:12:33 by "builder" with MS VC++ 14.0 (VS2015)

END.
